#
# There is insufficient memory for the Java Runtime Environment to continue.
# Native memory allocation (mmap) failed to map 264241152 bytes. Error detail: G1 virtual space
# Possible reasons:
#   The system is out of physical RAM or swap space
#   This process is running with CompressedOops enabled, and the Java Heap may be blocking the growth of the native heap
# Possible solutions:
#   Reduce memory load on the system
#   Increase physical memory or swap space
#   Check if swap backing store is full
#   Decrease Java heap size (-Xmx/-Xms)
#   Decrease number of Java threads
#   Decrease Java thread stack sizes (-Xss)
#   Set larger code cache with -XX:ReservedCodeCacheSize=
#   JVM is running with Zero Based Compressed Oops mode in which the Java heap is
#     placed in the first 32GB address space. The Java Heap base address is the
#     maximum limit for the native heap growth. Please use -XX:HeapBaseMinAddress
#     to set the Java Heap base and to place the Java Heap above 32GB virtual address.
# This output file may be truncated or incomplete.
#
#  Out of Memory Error (os_windows.cpp:3554), pid=24120, tid=32796
#
# JRE version:  (25.0.1+8) (build )
# Java VM: OpenJDK 64-Bit Server VM (25.0.1+8-LTS, mixed mode, sharing, tiered, compressed oops, compressed class ptrs, g1 gc, windows-amd64)
# No core dump will be written. Minidumps are not enabled by default on client versions of Windows
#

---------------  S U M M A R Y ------------

Command Line: --enable-native-access=ALL-UNNAMED 

Host: 13th Gen Intel(R) Core(TM) i5-1334U, 12 cores, 15G,  Windows 11 , 64 bit Build 26100 (10.0.26100.7920)
Time: Wed Mar 25 19:02:08 2026 SE Asia Standard Time elapsed time: 0.016609 seconds (0d 0h 0m 0s)

---------------  T H R E A D  ---------------

Current thread (0x000001c56aa257d0):  JavaThread "Unknown thread" [_thread_in_vm, id=32796, stack(0x000000c539a00000,0x000000c539b00000) (1024K)]

Stack: [0x000000c539a00000,0x000000c539b00000]
Native frames: (J=compiled Java code, j=interpreted, Vv=VM code, C=native code)
V  [jvm.dll+0x7a8379]  (no source info available)
V  [jvm.dll+0x7729fd]  (no source info available)
V  [jvm.dll+0x9f57b3]  (no source info available)
V  [jvm.dll+0x9f7da1]  (no source info available)
V  [jvm.dll+0x9f84a3]  (no source info available)
V  [jvm.dll+0x2fcd26]  (no source info available)
V  [jvm.dll+0x7a45a5]  (no source info available)
V  [jvm.dll+0x797a07]  (no source info available)
V  [jvm.dll+0x3f4cb8]  (no source info available)
V  [jvm.dll+0x3fcbf6]  (no source info available)
V  [jvm.dll+0x3e938e]  (no source info available)
V  [jvm.dll+0x3e9648]  (no source info available)
V  [jvm.dll+0x3c0b15]  (no source info available)
V  [jvm.dll+0x3c179e]  (no source info available)
V  [jvm.dll+0x9bbc74]  (no source info available)
V  [jvm.dll+0x459892]  (no source info available)
V  [jvm.dll+0x99faa2]  (no source info available)
V  [jvm.dll+0x4fa061]  (no source info available)
V  [jvm.dll+0x4fb951]  (no source info available)
C  [jli.dll+0x53fa]  (no source info available)
C  [ucrtbase.dll+0x37b0]  (no source info available)
C  [KERNEL32.DLL+0x2e8d7]  (no source info available)
C  [ntdll.dll+0x8c48c]  (no source info available)

Lock stack of current Java thread (top to bottom):


---------------  P R O C E S S  ---------------

Threads class SMR info:
_java_thread_list=0x00007ff87c78df88, length=0, elements={
}

Java Threads: ( => current thread )
Total: 0

Other Threads:
  0x000001c56cec9530 WorkerThread "GC Thread#0"                     [id=14676, stack(0x000000c539b00000,0x000000c539c00000) (1024K)]
  0x000001c56cee2e00 ConcurrentGCThread "G1 Main Marker"            [id=19932, stack(0x000000c539c00000,0x000000c539d00000) (1024K)]
  0x000001c56cee39a0 WorkerThread "G1 Conc#0"                       [id=21120, stack(0x000000c539d00000,0x000000c539e00000) (1024K)]

[error occurred during error reporting (printing all threads), id 0xc0000005, EXCEPTION_ACCESS_VIOLATION (0xc0000005) at pc=0x00007ff87bdb538a]
VM state: not at safepoint (not fully initialized)

VM Mutex/Monitor currently owned by a thread:  ([mutex/lock_event])
[0x00007ff87c8164e8] Heap_lock - owner thread: 0x000001c56aa257d0

Heap address: 0x0000000704400000, size: 4028 MB, Compressed Oops mode: Zero based, Oop shift amount: 3

CDS archive(s) mapped at: [0x0000000000000000-0x0000000000000000-0x0000000000000000), size 0, SharedBaseAddress: 0x0000000800000000, ArchiveRelocationMode: 1.
UseCompressedClassPointers 1, UseCompactObjectHeaders 0
Narrow klass pointer bits 32, Max shift 3
Narrow klass base: 0xffffffffffffffff, Narrow klass shift: -1
Encoding Range: [0xffffffffffffffff - 0x000000007fffffff), (2147483648 bytes)
Klass Range:    [0x0000000000000000 - 0x0000000000000000), (0 bytes)
Klass ID Range:  [4294967295 - 0) (1)
No protection zone.

GC Precious Log:
 CardTable entry size: 512
 Card Set container configuration: InlinePtr #cards 4 size 8 Array Of Cards #cards 16 size 48 Howl #buckets 8 coarsen threshold 3686 Howl Bitmap #cards 512 size 80 coarsen threshold 460 Card regions per heap region 1 cards per card region 4096

Heap:
 garbage-first heap   total reserved 4124672K, committed 0K, used 0K [0x0000000704400000, 0x0000000800000000)
  region size 2048K, 0 young (0K), 0 survivors (0K)

Heap Regions: E=young(eden), S=young(survivor), O=old, HS=humongous(starts), HC=humongous(continues), CS=collection set, F=free, TAMS=top-at-mark-start, PB=parsable bottom

Card table byte_map: [0x000001c576680000,0x000001c576e60000] _byte_map_base: 0x000001c572e5e000

Marking Bits: (CMBitMap*) 0x000001c56cec9cc0
 Bits: [0x000001c576e60000, 0x000001c57ad50000)

GC Heap Usage History (0 events):
No events

Metaspace Usage History (0 events):
No events

Dll operation events (1 events):
Event: 0.010 Loaded shared library C:\Program Files\Eclipse Adoptium\jdk-25.0.1.8-hotspot\bin\java.dll

Deoptimization events (0 events):
No events

Classes loaded (0 events):
No events

Classes unloaded (0 events):
No events

Classes redefined (0 events):
No events

Internal exceptions (0 events):
No events

VM Operations (0 events):
No events

Memory protections (0 events):
No events

Nmethod flushes (0 events):
No events

Events (0 events):
No events


Dynamic libraries:
0x00007ff6016d0000 - 0x00007ff6016de000 	C:\Program Files\Eclipse Adoptium\jdk-25.0.1.8-hotspot\bin\java.exe
0x00007ff906ce0000 - 0x00007ff906f47000 	C:\WINDOWS\SYSTEM32\ntdll.dll
0x00007ff905340000 - 0x00007ff905409000 	C:\WINDOWS\System32\KERNEL32.DLL
0x00007ff9042d0000 - 0x00007ff9046c1000 	C:\WINDOWS\System32\KERNELBASE.dll
0x00007ff903700000 - 0x00007ff90384b000 	C:\WINDOWS\System32\ucrtbase.dll
0x00007ff8d2d10000 - 0x00007ff8d2d26000 	C:\Program Files\Eclipse Adoptium\jdk-25.0.1.8-hotspot\bin\jli.dll
0x00007ff8d5940000 - 0x00007ff8d595e000 	C:\Program Files\Eclipse Adoptium\jdk-25.0.1.8-hotspot\bin\VCRUNTIME140.dll
0x00007ff904d40000 - 0x00007ff904f05000 	C:\WINDOWS\System32\USER32.dll
0x00007ff9042a0000 - 0x00007ff9042c7000 	C:\WINDOWS\System32\win32u.dll
0x00007ff906c00000 - 0x00007ff906c2b000 	C:\WINDOWS\System32\GDI32.dll
0x00007ff8ea220000 - 0x00007ff8ea4b3000 	C:\WINDOWS\WinSxS\amd64_microsoft.windows.common-controls_6595b64144ccf1df_6.0.26100.8037_none_3e092faae333b53b\COMCTL32.dll
0x00007ff903850000 - 0x00007ff90397b000 	C:\WINDOWS\System32\gdi32full.dll
0x00007ff9035c0000 - 0x00007ff903663000 	C:\WINDOWS\System32\msvcp_win.dll
0x00007ff904b00000 - 0x00007ff904ba9000 	C:\WINDOWS\System32\msvcrt.dll
0x00007ff904bb0000 - 0x00007ff904be1000 	C:\WINDOWS\System32\IMM32.DLL
0x00007ff8f0c70000 - 0x00007ff8f0c7c000 	C:\Program Files\Eclipse Adoptium\jdk-25.0.1.8-hotspot\bin\vcruntime140_1.dll
0x00007ff8aeab0000 - 0x00007ff8aeb3d000 	C:\Program Files\Eclipse Adoptium\jdk-25.0.1.8-hotspot\bin\msvcp140.dll
0x00007ff87b9e0000 - 0x00007ff87c906000 	C:\Program Files\Eclipse Adoptium\jdk-25.0.1.8-hotspot\bin\server\jvm.dll
0x00007ff9055f0000 - 0x00007ff9056ab000 	C:\WINDOWS\System32\ADVAPI32.dll
0x00007ff906a00000 - 0x00007ff906aa7000 	C:\WINDOWS\System32\sechost.dll
0x00007ff905410000 - 0x00007ff905528000 	C:\WINDOWS\System32\RPCRT4.dll
0x00007ff905020000 - 0x00007ff905094000 	C:\WINDOWS\System32\WS2_32.dll
0x00007ff903440000 - 0x00007ff90349e000 	C:\WINDOWS\SYSTEM32\POWRPROF.dll
0x00007ff8f6a60000 - 0x00007ff8f6a95000 	C:\WINDOWS\SYSTEM32\WINMM.dll
0x00007ff8eb010000 - 0x00007ff8eb01b000 	C:\WINDOWS\SYSTEM32\VERSION.dll
0x00007ff903420000 - 0x00007ff903434000 	C:\WINDOWS\SYSTEM32\UMPDC.dll
0x00007ff902310000 - 0x00007ff90232b000 	C:\WINDOWS\SYSTEM32\kernel.appcore.dll
0x00007ff8ecc50000 - 0x00007ff8ecc5a000 	C:\Program Files\Eclipse Adoptium\jdk-25.0.1.8-hotspot\bin\jimage.dll
0x00007ff901140000 - 0x00007ff901382000 	C:\WINDOWS\SYSTEM32\DBGHELP.DLL
0x00007ff906670000 - 0x00007ff9069f2000 	C:\WINDOWS\System32\combase.dll
0x00007ff904c60000 - 0x00007ff904d37000 	C:\WINDOWS\System32\OLEAUT32.dll
0x00007ff8e4e30000 - 0x00007ff8e4e6b000 	C:\WINDOWS\SYSTEM32\dbgcore.DLL
0x00007ff9041f0000 - 0x00007ff904295000 	C:\WINDOWS\System32\bcryptPrimitives.dll
0x00007ff8d2cf0000 - 0x00007ff8d2d0e000 	C:\Program Files\Eclipse Adoptium\jdk-25.0.1.8-hotspot\bin\java.dll
0x00007ff9050a0000 - 0x00007ff905235000 	C:\WINDOWS\System32\ole32.dll
0x00007ff905840000 - 0x00007ff905f9f000 	C:\WINDOWS\System32\SHELL32.dll
0x00007ff904910000 - 0x00007ff904a7a000 	C:\WINDOWS\System32\wintypes.dll

JVMTI agents: none

dbghelp: loaded successfully - version: 4.0.5 - missing functions: none
symbol engine: initialized successfully - sym options: 0x614 - pdb path: .;C:\Program Files\Eclipse Adoptium\jdk-25.0.1.8-hotspot\bin;C:\WINDOWS\SYSTEM32;C:\WINDOWS\WinSxS\amd64_microsoft.windows.common-controls_6595b64144ccf1df_6.0.26100.8037_none_3e092faae333b53b;C:\Program Files\Eclipse Adoptium\jdk-25.0.1.8-hotspot\bin\server

VM Arguments:
jvm_args: --enable-native-access=ALL-UNNAMED 
java_command: <unknown>
java_class_path (initial): <not set>
Launcher Type: SUN_STANDARD

[Global flags]
     intx CICompilerCount                          = 4                                         {product} {ergonomic}
     uint ConcGCThreads                            = 3                                         {product} {ergonomic}
     uint G1ConcRefinementThreads                  = 10                                        {product} {ergonomic}
   size_t G1HeapRegionSize                         = 2097152                                   {product} {ergonomic}
   size_t InitialHeapSize                          = 264241152                                 {product} {ergonomic}
   size_t MarkStackSize                            = 4194304                                   {product} {ergonomic}
   size_t MarkStackSizeMax                         = 536870912                                 {product} {ergonomic}
   size_t MaxHeapSize                              = 4223664128                                {product} {ergonomic}
   size_t MinHeapDeltaBytes                        = 2097152                                   {product} {ergonomic}
   size_t MinHeapSize                              = 8388608                                   {product} {ergonomic}
    uintx NonNMethodCodeHeapSize                   = 5832704                                {pd product} {ergonomic}
    uintx NonProfiledCodeHeapSize                  = 122945536                              {pd product} {ergonomic}
    uintx ProfiledCodeHeapSize                     = 122880000                              {pd product} {ergonomic}
    uintx ReservedCodeCacheSize                    = 251658240                              {pd product} {ergonomic}
     bool SegmentedCodeCache                       = true                                      {product} {ergonomic}
   size_t SoftMaxHeapSize                          = 4223664128                             {manageable} {ergonomic}
     bool UseCompressedOops                        = true                           {product lp64_product} {ergonomic}
     bool UseG1GC                                  = true                                      {product} {ergonomic}
     bool UseLargePagesIndividualAllocation        = false                                  {pd product} {ergonomic}

Logging:
Log output configuration:
 #0: stdout all=warning uptime,level,tags foldmultilines=false
 #1: stderr all=off uptime,level,tags foldmultilines=false

Release file:
<release file has not been read>
Environment Variables:
JAVA_HOME=C:\Program Files\Eclipse Adoptium\jdk-25.0.1.8-hotspot
PATH=C:\Program Files\Eclipse Adoptium\jdk-25.0.1.8-hotspot\bin;C:\Program Files (x86)\VMware\VMware Workstation\bin\;C:\WINDOWS\system32;C:\WINDOWS;C:\WINDOWS\System32\Wbem;C:\WINDOWS\System32\WindowsPowerShell\v1.0\;C:\WINDOWS\System32\OpenSSH\;C:\Program Files (x86)\AOMEI\AOMEI Backupper\7.4.1;C:\Program Files\MySQL\MySQL Server 8.0\bin;C:\Program Files\Git\cmd;E:\cursor\resources\app\bin;C:\ProgramData\chocolatey\bin;C:\Users\USER\AppData\Local\nvm;C:\nvm4w\nodejs;C:\Program Files\Docker\Docker\resources\bin;C:\Program Files\Eclipse Adoptium\jdk-25.0.1.8-hotspot\bin;C:\Program Files\apache-maven-3.9.12\bin;C:\bin;C:\xampp\php;C:\composer;C:\Users\USER\.local\bin;C:\Program Files\MySQL\MySQL Shell 8.0\bin\;C:\Users\USER\scoop\shims;C:\Users\USER\AppData\Local\Microsoft\WindowsApps;C:\Users\USER\AppData\Local\JetBrains\PyCharm Community Edition 2024.3.1.1\bin;;C:\Users\USER\AppData\Local\Programs\Microsoft VS Code\bin;C:\bin;C:\Program Files\JetBrains\IntelliJ IDEA 2024.3.3\bin;;C:\MinGW\bin;C:\Users\USER\AppData\Roaming\npm;C:\Users\USER\AppData\Local\Programs\Warp\bin;C:\Users\USER\AppData\Local\nvm;C:\nvm4w\nodejs;C:\Users\USER\AppData\Local\Programs\Kiro\bin;C:\Users\USER\AppData\Roaming\Composer\vendor\bin;C:\Users\USER\AppData\Local\Programs\Antigravity\bin
USERNAME=USER
LANG=en_US.UTF-8
LC_ALL=en_US.UTF-8
OS=Windows_NT
PROCESSOR_IDENTIFIER=Intel64 Family 6 Model 186 Stepping 3, GenuineIntel
TMP=C:\Users\USER\AppData\Local\Temp
TEMP=C:\Users\USER\AppData\Local\Temp




Compilation memory statistics disabled.

Periodic native trim disabled

---------------  S Y S T E M  ---------------

OS:
 Windows 11 , 64 bit Build 26100 (10.0.26100.7920)
OS uptime: 13 days 5:50 hours
Hyper-V role detected

CPU: total 12 (initial active 12) (6 cores per cpu, 2 threads per core) family 6 model 186 stepping 3 microcode 0x411f, cx8, cmov, fxsr, ht, mmx, 3dnowpref, sse, sse2, sse3, ssse3, sse4.1, sse4.2, popcnt, lzcnt, tsc, tscinvbit, avx, avx2, aes, erms, clmul, bmi1, bmi2, adx, sha, fma, vzeroupper, clflush, clflushopt, clwb, hv, serialize, rdtscp, rdpid, fsrm, gfni, f16c, cet_ibt, cet_ss
Processor Information for the first 12 processors :
  Max Mhz: 1300, Current Mhz: 1300, Mhz Limit: 1300

Memory: 4k page, system-wide physical 16107M (1842M free)
TotalPageFile size 19366M (AvailPageFile size 109M)
current process WorkingSet (physical memory assigned to process): 14M, peak: 14M
current process commit charge ("private bytes"): 65M, peak: 317M

vm_info: OpenJDK 64-Bit Server VM (25.0.1+8-LTS) for windows-amd64 JRE (25.0.1+8-LTS), built on 2025-10-21T00:00:00Z with unknown MS VC++:1942

END.
